[17:45:49] [main/INFO]: Environment: authHost='https://authserver.mojang.com', accountsHost='https://api.mojang.com', sessionHost='https://sessionserver.mojang.com', name='PROD'
[17:46:07] [main/WARN]: Ambiguity between arguments [teleport, destination] and [teleport, targets] with inputs: [Player, 0123, @e, dd12be42-52a9-4a91-a8a1-11c01849e498]
[17:46:07] [main/WARN]: Ambiguity between arguments [teleport, location] and [teleport, destination] with inputs: [0.1 -0.5 .9, 0 0 0]
[17:46:07] [main/WARN]: Ambiguity between arguments [teleport, location] and [teleport, targets] with inputs: [0.1 -0.5 .9, 0 0 0]
[17:46:07] [main/WARN]: Ambiguity between arguments [teleport, targets] and [teleport, destination] with inputs: [Player, 0123, dd12be42-52a9-4a91-a8a1-11c01849e498]
[17:46:07] [main/WARN]: Ambiguity between arguments [teleport, targets, location] and [teleport, targets, destination] with inputs: [0.1 -0.5 .9, 0 0 0]
[17:46:07] [main/INFO]: Reloading ResourceManager: Default
[17:46:14] [Worker-Main-2/INFO]: Loaded 7 recipes
[17:46:21] [Worker-Main-2/INFO]: Loaded 927 advancements
[17:46:28] [Server thread/INFO]: Starting minecraft server version 1.16.3
[17:46:28] [Server thread/INFO]: Loading properties
[17:46:28] [Server thread/INFO]: Default game type: SURVIVAL
[17:46:28] [Server thread/INFO]: Generating keypair
[17:46:31] [Server thread/INFO]: Starting Minecraft server on *:25565
[17:46:33] [Server thread/INFO]: Using epoll channel type
[17:46:35] [Server thread/WARN]: **** SERVER IS RUNNING IN OFFLINE/INSECURE MODE!
[17:46:35] [Server thread/WARN]: The server will make no attempt to authenticate usernames. Beware.
[17:46:35] [Server thread/WARN]: While this makes the game possible to play without internet access, it also opens up the ability for hackers to connect with any username they choose.
[17:46:35] [Server thread/WARN]: To change this, set "online-mode" to "true" in the server.properties file.
[17:46:35] [Server thread/INFO]: Preparing level "world"
[17:46:37] [Server thread/INFO]: Preparing start region for dimension minecraft:overworld
[17:46:53] [Server thread/INFO]: Preparing spawn area: 0%
[17:46:53] [Server thread/INFO]: Preparing spawn area: 0%
[17:46:53] [Server thread/INFO]: Preparing spawn area: 0%
[17:46:53] [Server thread/INFO]: Preparing spawn area: 0%
[17:46:53] [Server thread/INFO]: Preparing spawn area: 0%
[17:46:53] [Server thread/INFO]: Preparing spawn area: 0%
[17:46:53] [Server thread/INFO]: Preparing spawn area: 0%
[17:46:53] [Server thread/INFO]: Preparing spawn area: 0%
[17:46:53] [Server thread/INFO]: Preparing spawn area: 0%
[17:46:53] [Server thread/INFO]: Preparing spawn area: 0%
[17:46:53] [Server thread/INFO]: Preparing spawn area: 0%
[17:46:53] [Server thread/INFO]: Preparing spawn area: 0%
[17:46:53] [Server thread/INFO]: Preparing spawn area: 0%
[17:46:53] [Server thread/INFO]: Preparing spawn area: 0%
[17:46:53] [Server thread/INFO]: Preparing spawn area: 0%
[17:46:53] [Server thread/INFO]: Preparing spawn area: 0%
[17:46:53] [Server thread/INFO]: Preparing spawn area: 0%
[17:46:53] [Server thread/INFO]: Preparing spawn area: 0%
[17:46:53] [Server thread/INFO]: Preparing spawn area: 0%
[17:46:53] [Server thread/INFO]: Preparing spawn area: 0%
[17:46:53] [Server thread/INFO]: Preparing spawn area: 0%
[17:46:53] [Server thread/INFO]: Preparing spawn area: 0%
[17:46:53] [Server thread/INFO]: Preparing spawn area: 0%
[17:46:53] [Server thread/INFO]: Preparing spawn area: 0%
[17:46:53] [Server thread/INFO]: Preparing spawn area: 0%
[17:46:53] [Server thread/INFO]: Preparing spawn area: 0%
[17:46:53] [Server thread/INFO]: Preparing spawn area: 0%
[17:46:53] [Server thread/INFO]: Preparing spawn area: 0%
[17:46:53] [Server thread/INFO]: Preparing spawn area: 0%
[17:46:53] [Server thread/INFO]: Preparing spawn area: 0%
[17:46:53] [Server thread/INFO]: Preparing spawn area: 0%
[17:46:53] [Server thread/INFO]: Preparing spawn area: 0%
[17:46:53] [Server thread/INFO]: Preparing spawn area: 0%
[17:46:54] [Worker-Main-3/INFO]: Preparing spawn area: 0%
[17:46:54] [Worker-Main-3/INFO]: Preparing spawn area: 0%
[17:46:56] [Server thread/INFO]: Preparing spawn area: 0%
[17:46:56] [Server thread/INFO]: Preparing spawn area: 0%
[17:46:56] [Server thread/INFO]: Preparing spawn area: 83%
[17:46:56] [Server thread/INFO]: Preparing spawn area: 84%
[17:46:57] [Server thread/INFO]: Time elapsed: 20087 ms
[17:46:57] [Server thread/INFO]: Done (21.939s)! For help, type "help"
[17:46:57] [Server thread/INFO]: Starting remote control listener
[17:46:57] [Server thread/INFO]: Thread RCON Listener started
[17:46:57] [Server thread/INFO]: RCON running on 0.0.0.0:25575
[17:47:00] [Server thread/WARN]: Can't keep up! Is the server overloaded? Running 2826ms or 56 ticks behind
